<?xml version="1.0" encoding="UTF-8"?>
<testng-results ignored="0" total="1" passed="1" failed="0" skipped="0">
  <reporter-output>
  </reporter-output>
  <suite started-at="2023-09-09T04:00:12 IST" name="Default suite" finished-at="2023-09-09T04:00:13 IST" duration-ms="1314">
    <groups>
    </groups>
    <test started-at="2023-09-09T04:00:12 IST" name="Default test" finished-at="2023-09-09T04:00:13 IST" duration-ms="1314">
      <class name="day6.testFileUploadAndDownload">
        <test-method signature="testSingleFileUpload()[pri:0, instance:day6.testFileUploadAndDownload@55141def]" started-at="2023-09-09T04:00:12 IST" name="testSingleFileUpload" finished-at="2023-09-09T04:00:13 IST" duration-ms="1277" status="PASS">
          <reporter-output>
          </reporter-output>
        </test-method> <!-- testSingleFileUpload -->
      </class> <!-- day6.testFileUploadAndDownload -->
    </test> <!-- Default test -->
  </suite> <!-- Default suite -->
</testng-results>
